{"C:\\Users\\DELL\\Documents\\Projects\\#0-Curso FULL STACK MASTER_2020\\convertmymoney\\library\\api.bcb.js": {"path":"C:\\Users\\DELL\\Documents\\Projects\\#0-Curso FULL STACK MASTER_2020\\convertmymoney\\library\\api.bcb.js","statementMap":{"0":{"start":{"line":1,"column":14},"end":{"line":1,"column":30}},"1":{"start":{"line":3,"column":15},"end":{"line":3,"column":236}},"2":{"start":{"line":3,"column":23},"end":{"line":3,"column":236}},"3":{"start":{"line":4,"column":24},"end":{"line":4,"column":45}},"4":{"start":{"line":4,"column":31},"end":{"line":4,"column":45}},"5":{"start":{"line":5,"column":25},"end":{"line":5,"column":62}},"6":{"start":{"line":5,"column":32},"end":{"line":5,"column":62}},"7":{"start":{"line":7,"column":17},"end":{"line":12,"column":1}},"8":{"start":{"line":8,"column":18},"end":{"line":8,"column":28}},"9":{"start":{"line":9,"column":4},"end":{"line":11,"column":6}},"10":{"start":{"line":14,"column":21},"end":{"line":25,"column":1}},"11":{"start":{"line":14,"column":82},"end":{"line":25,"column":1}},"12":{"start":{"line":15,"column":4},"end":{"line":24,"column":5}},"13":{"start":{"line":17,"column":22},"end":{"line":17,"column":32}},"14":{"start":{"line":18,"column":20},"end":{"line":18,"column":33}},"15":{"start":{"line":19,"column":20},"end":{"line":19,"column":46}},"16":{"start":{"line":20,"column":26},"end":{"line":20,"column":47}},"17":{"start":{"line":21,"column":8},"end":{"line":21,"column":24}},"18":{"start":{"line":23,"column":8},"end":{"line":23,"column":31}},"19":{"start":{"line":27,"column":0},"end":{"line":36,"column":1}}},"fnMap":{"0":{"name":"(anonymous_0)","decl":{"start":{"line":3,"column":15},"end":{"line":3,"column":16}},"loc":{"start":{"line":3,"column":23},"end":{"line":3,"column":236}},"line":3},"1":{"name":"(anonymous_1)","decl":{"start":{"line":4,"column":24},"end":{"line":4,"column":25}},"loc":{"start":{"line":4,"column":31},"end":{"line":4,"column":45}},"line":4},"2":{"name":"(anonymous_2)","decl":{"start":{"line":5,"column":25},"end":{"line":5,"column":26}},"loc":{"start":{"line":5,"column":32},"end":{"line":5,"column":62}},"line":5},"3":{"name":"(anonymous_3)","decl":{"start":{"line":7,"column":17},"end":{"line":7,"column":18}},"loc":{"start":{"line":7,"column":23},"end":{"line":12,"column":1}},"line":7},"4":{"name":"(anonymous_4)","decl":{"start":{"line":14,"column":21},"end":{"line":14,"column":22}},"loc":{"start":{"line":14,"column":82},"end":{"line":25,"column":1}},"line":14},"5":{"name":"(anonymous_5)","decl":{"start":{"line":14,"column":82},"end":{"line":14,"column":83}},"loc":{"start":{"line":14,"column":93},"end":{"line":25,"column":1}},"line":14}},"branchMap":{},"s":{"0":1,"1":1,"2":1,"3":1,"4":1,"5":1,"6":1,"7":1,"8":1,"9":1,"10":1,"11":3,"12":2,"13":2,"14":2,"15":2,"16":1,"17":1,"18":1,"19":1},"f":{"0":1,"1":1,"2":1,"3":1,"4":3,"5":2},"b":{},"_coverageSchema":"1a1c01bbd47fc00a2c39e90264f33305004495a9","hash":"778c06d84e6664f74f0c9795689d05b21f9a3113"}
,"C:\\Users\\DELL\\Documents\\Projects\\#0-Curso FULL STACK MASTER_2020\\convertmymoney\\library\\convert.js": {"path":"C:\\Users\\DELL\\Documents\\Projects\\#0-Curso FULL STACK MASTER_2020\\convertmymoney\\library\\convert.js","statementMap":{"0":{"start":{"line":1,"column":16},"end":{"line":3,"column":1}},"1":{"start":{"line":2,"column":4},"end":{"line":2,"column":31}},"2":{"start":{"line":4,"column":16},"end":{"line":6,"column":1}},"3":{"start":{"line":5,"column":4},"end":{"line":5,"column":39}},"4":{"start":{"line":8,"column":0},"end":{"line":11,"column":1}}},"fnMap":{"0":{"name":"(anonymous_0)","decl":{"start":{"line":1,"column":16},"end":{"line":1,"column":17}},"loc":{"start":{"line":1,"column":41},"end":{"line":3,"column":1}},"line":1},"1":{"name":"(anonymous_1)","decl":{"start":{"line":4,"column":16},"end":{"line":4,"column":17}},"loc":{"start":{"line":4,"column":25},"end":{"line":6,"column":1}},"line":4}},"branchMap":{},"s":{"0":1,"1":2,"2":1,"3":2,"4":1},"f":{"0":2,"1":2},"b":{},"_coverageSchema":"1a1c01bbd47fc00a2c39e90264f33305004495a9","hash":"c07d19a2525786d032b332a37e4179780d23669a"}
}
